[02/03/2017 12:16:32] ZIP Reader Version 14.00.0010 Build 1029
[02/03/2017 12:16:32] Loading C:\Users\USER\Downloads\01CF5F3AF931_aplikasi_surat_menyurat.zip
	0 errors/warnings
[02/03/2017 12:16:32] Finished.
[02/03/2017 12:16:32] Extracting C:\Users\USER\Downloads\01CF5F3AF931_aplikasi_surat_menyurat.zip
	Unstoring C:\Users\USER\Downloads\01CF5F3AF931_aplikasi_surat_menyurat\surat
		CRC32 verified
	Unstoring C:\Users\USER\Downloads\01CF5F3AF931_aplikasi_surat_menyurat\surat\css
		CRC32 verified
	Unstoring C:\Users\USER\Downloads\01CF5F3AF931_aplikasi_surat_menyurat\surat\css\elements
		CRC32 verified
	Inflating C:\Users\USER\Downloads\01CF5F3AF931_aplikasi_surat_menyurat\surat\css\elements\bootstrap-wysihtml5.css
		CRC32 verified
	Inflating C:\Users\USER\Downloads\01CF5F3AF931_aplikasi_surat_menyurat\surat\css\elements\bootstrap_calendar.css
		CRC32 verified
	Inflating C:\Users\USER\Downloads\01CF5F3AF931_aplikasi_surat_menyurat\surat\css\elements\dashboard.css
		CRC32 verified
	Inflating C:\Users\USER\Downloads\01CF5F3AF931_aplikasi_surat_menyurat\surat\css\elements\dataTables.bootstrap.css
		CRC32 verified
	Inflating C:\Users\USER\Downloads\01CF5F3AF931_aplikasi_surat_menyurat\surat\css\elements\flot.css
		CRC32 verified
	Inflating C:\Users\USER\Downloads\01CF5F3AF931_aplikasi_surat_menyurat\surat\css\elements\form.css
		CRC32 verified
	Unstoring C:\Users\USER\Downloads\01CF5F3AF931_aplikasi_surat_menyurat\surat\css\elements\green.png
		CRC32 verified
	Inflating C:\Users\USER\Downloads\01CF5F3AF931_aplikasi_surat_menyurat\surat\css\elements\green@2x.png
		CRC32 verified
	Inflating C:\Users\USER\Downloads\01CF5F3AF931_aplikasi_surat_menyurat\surat\css\elements\inbox.css
		CRC32 verified
	Inflating C:\Users\USER\Downloads\01CF5F3AF931_aplikasi_surat_menyurat\surat\css\elements\invoice.css
		CRC32 verified
	Inflating C:\Users\USER\Downloads\01CF5F3AF931_aplikasi_surat_menyurat\surat\css\elements\morris.css
		CRC32 verified
	Inflating C:\Users\USER\Downloads\01CF5F3AF931_aplikasi_surat_menyurat\surat\css\elements\notify.css
		CRC32 verified
	Inflating C:\Users\USER\Downloads\01CF5F3AF931_aplikasi_surat_menyurat\surat\css\elements\pizza.css
		CRC32 verified
	Inflating C:\Users\USER\Downloads\01CF5F3AF931_aplikasi_surat_menyurat\surat\css\elements\profile.css
		CRC32 verified
	Inflating C:\Users\USER\Downloads\01CF5F3AF931_aplikasi_surat_menyurat\surat\css\elements\signin.css
		CRC32 verified
	Inflating C:\Users\USER\Downloads\01CF5F3AF931_aplikasi_surat_menyurat\surat\css\elements\tables.css
		CRC32 verified
	Unstoring C:\Users\USER\Downloads\01CF5F3AF931_aplikasi_surat_menyurat\surat\css\images
		CRC32 verified
	Inflating C:\Users\USER\Downloads\01CF5F3AF931_aplikasi_surat_menyurat\surat\css\images\sort_asc.html
		CRC32 verified
	Inflating C:\Users\USER\Downloads\01CF5F3AF931_aplikasi_surat_menyurat\surat\css\images\sort_asc_disabled.html
		CRC32 verified
	Inflating C:\Users\USER\Downloads\01CF5F3AF931_aplikasi_surat_menyurat\surat\css\images\sort_both.html
		CRC32 verified
	Inflating C:\Users\USER\Downloads\01CF5F3AF931_aplikasi_surat_menyurat\surat\css\images\sort_desc.html
		CRC32 verified
	Inflating C:\Users\USER\Downloads\01CF5F3AF931_aplikasi_surat_menyurat\surat\css\images\sort_desc_disabled.html
		CRC32 verified
	Unstoring C:\Users\USER\Downloads\01CF5F3AF931_aplikasi_surat_menyurat\surat\css\theme
		CRC32 verified
	Inflating C:\Users\USER\Downloads\01CF5F3AF931_aplikasi_surat_menyurat\surat\css\theme\bg.jpg
		CRC32 verified
	Inflating C:\Users\USER\Downloads\01CF5F3AF931_aplikasi_surat_menyurat\surat\css\theme\default.css
		CRC32 verified
	Inflating C:\Users\USER\Downloads\01CF5F3AF931_aplikasi_surat_menyurat\surat\css\bootstrap-overrides.css
		CRC32 verified
	Inflating C:\Users\USER\Downloads\01CF5F3AF931_aplikasi_surat_menyurat\surat\css\bootstrap.css
		CRC32 verified
	Inflating C:\Users\USER\Downloads\01CF5F3AF931_aplikasi_surat_menyurat\surat\css\font-awesome.css
		CRC32 verified
	Unstoring C:\Users\USER\Downloads\01CF5F3AF931_aplikasi_surat_menyurat\surat\fonts
		CRC32 verified
	Inflating C:\Users\USER\Downloads\01CF5F3AF931_aplikasi_surat_menyurat\surat\fonts\fontawesome-webfont862f.eot
		CRC32 verified
	Inflating C:\Users\USER\Downloads\01CF5F3AF931_aplikasi_surat_menyurat\surat\fonts\fontawesome-webfont862f.svg
		CRC32 verified
	Inflating C:\Users\USER\Downloads\01CF5F3AF931_aplikasi_surat_menyurat\surat\fonts\fontawesome-webfont862f.ttf
		CRC32 verified
	Inflating C:\Users\USER\Downloads\01CF5F3AF931_aplikasi_surat_menyurat\surat\fonts\fontawesome-webfont862f.woff
		CRC32 verified
	Inflating C:\Users\USER\Downloads\01CF5F3AF931_aplikasi_surat_menyurat\surat\fonts\fontawesome-webfontd41d.eot
		CRC32 verified
	Inflating C:\Users\USER\Downloads\01CF5F3AF931_aplikasi_surat_menyurat\surat\fonts\glyphicons-halflings-regular.eot
		CRC32 verified
	Inflating C:\Users\USER\Downloads\01CF5F3AF931_aplikasi_surat_menyurat\surat\fonts\glyphicons-halflings-regular.html
		CRC32 verified
	Inflating C:\Users\USER\Downloads\01CF5F3AF931_aplikasi_surat_menyurat\surat\fonts\glyphicons-halflings-regular.svg
		CRC32 verified
	Inflating C:\Users\USER\Downloads\01CF5F3AF931_aplikasi_surat_menyurat\surat\fonts\glyphicons-halflings-regular.ttf
		CRC32 verified
	Inflating C:\Users\USER\Downloads\01CF5F3AF931_aplikasi_surat_menyurat\surat\fonts\glyphicons-halflings-regular.woff
		CRC32 verified
	Inflating C:\Users\USER\Downloads\01CF5F3AF931_aplikasi_surat_menyurat\surat\fonts\glyphicons-halflings-regulard41d.eot
		CRC32 verified
	Unstoring C:\Users\USER\Downloads\01CF5F3AF931_aplikasi_surat_menyurat\surat\foto_kendaraan
		CRC32 verified
	Inflating C:\Users\USER\Downloads\01CF5F3AF931_aplikasi_surat_menyurat\surat\foto_kendaraan\2.jpg
		CRC32 verified
	Inflating C:\Users\USER\Downloads\01CF5F3AF931_aplikasi_surat_menyurat\surat\foto_kendaraan\kendaraan.jpg
		CRC32 verified
	Unstoring C:\Users\USER\Downloads\01CF5F3AF931_aplikasi_surat_menyurat\surat\images
		CRC32 verified
	Inflating C:\Users\USER\Downloads\01CF5F3AF931_aplikasi_surat_menyurat\surat\images\logo.jpg
		CRC32 verified
	Inflating C:\Users\USER\Downloads\01CF5F3AF931_aplikasi_surat_menyurat\surat\images\user_1.jpg
		CRC32 verified
	Unstoring C:\Users\USER\Downloads\01CF5F3AF931_aplikasi_surat_menyurat\surat\js
		CRC32 verified
	Unstoring C:\Users\USER\Downloads\01CF5F3AF931_aplikasi_surat_menyurat\surat\js\dashboard
		CRC32 verified
	Inflating C:\Users\USER\Downloads\01CF5F3AF931_aplikasi_surat_menyurat\surat\js\dashboard\jquery-jvectormap-1.2.2.min.js
		CRC32 verified
	Inflating C:\Users\USER\Downloads\01CF5F3AF931_aplikasi_surat_menyurat\surat\js\dashboard\jquery-jvectormap-world-mill-en.js
		CRC32 verified
	Inflating C:\Users\USER\Downloads\01CF5F3AF931_aplikasi_surat_menyurat\surat\js\dashboard\jquery.counterup.min.js
		CRC32 verified
	Inflating C:\Users\USER\Downloads\01CF5F3AF931_aplikasi_surat_menyurat\surat\js\dashboard\jquery.sparkline.min.js
		CRC32 verified
	Inflating C:\Users\USER\Downloads\01CF5F3AF931_aplikasi_surat_menyurat\surat\js\dashboard\waypoints.min.js
		CRC32 verified
	Unstoring C:\Users\USER\Downloads\01CF5F3AF931_aplikasi_surat_menyurat\surat\js\editor
		CRC32 verified
	Inflating C:\Users\USER\Downloads\01CF5F3AF931_aplikasi_surat_menyurat\surat\js\editor\bootstrap3-wysihtml5.js
		CRC32 verified
	Inflating C:\Users\USER\Downloads\01CF5F3AF931_aplikasi_surat_menyurat\surat\js\editor\wysihtml5-0.3.0.js
		CRC32 verified
	Unstoring C:\Users\USER\Downloads\01CF5F3AF931_aplikasi_surat_menyurat\surat\js\filedrag
		CRC32 verified
	Inflating C:\Users\USER\Downloads\01CF5F3AF931_aplikasi_surat_menyurat\surat\js\filedrag\filedrag.js
		CRC32 verified
	Unstoring C:\Users\USER\Downloads\01CF5F3AF931_aplikasi_surat_menyurat\surat\js\flot
		CRC32 verified
	Inflating C:\Users\USER\Downloads\01CF5F3AF931_aplikasi_surat_menyurat\surat\js\flot\excanvas.min.js
		CRC32 verified
	Inflating C:\Users\USER\Downloads\01CF5F3AF931_aplikasi_surat_menyurat\surat\js\flot\jquery.flot.js
		CRC32 verified
	Inflating C:\Users\USER\Downloads\01CF5F3AF931_aplikasi_surat_menyurat\surat\js\flot\jquery.flot.pie.js
		CRC32 verified
	Inflating C:\Users\USER\Downloads\01CF5F3AF931_aplikasi_surat_menyurat\surat\js\flot\jquery.flot.resize.js
		CRC32 verified
	Unstoring C:\Users\USER\Downloads\01CF5F3AF931_aplikasi_surat_menyurat\surat\js\form
		CRC32 verified
	Unstoring C:\Users\USER\Downloads\01CF5F3AF931_aplikasi_surat_menyurat\surat\js\form\combodate
		CRC32 verified
	Inflating C:\Users\USER\Downloads\01CF5F3AF931_aplikasi_surat_menyurat\surat\js\form\combodate\combodate.js
		CRC32 verified
	Inflating C:\Users\USER\Downloads\01CF5F3AF931_aplikasi_surat_menyurat\surat\js\form\combodate\moment.min.js
		CRC32 verified
	Unstoring C:\Users\USER\Downloads\01CF5F3AF931_aplikasi_surat_menyurat\surat\js\form\datepicker
		CRC32 verified
	Inflating C:\Users\USER\Downloads\01CF5F3AF931_aplikasi_surat_menyurat\surat\js\form\datepicker\bootstrap-datepicker.js
		CRC32 verified
	Unstoring C:\Users\USER\Downloads\01CF5F3AF931_aplikasi_surat_menyurat\surat\js\form\parsley
		CRC32 verified
	Inflating C:\Users\USER\Downloads\01CF5F3AF931_aplikasi_surat_menyurat\surat\js\form\parsley\parsley.min.js
		CRC32 verified
	Unstoring C:\Users\USER\Downloads\01CF5F3AF931_aplikasi_surat_menyurat\surat\js\form\slider
		CRC32 verified
	Inflating C:\Users\USER\Downloads\01CF5F3AF931_aplikasi_surat_menyurat\surat\js\form\slider\bootstrap-slider.js
		CRC32 verified
	Inflating C:\Users\USER\Downloads\01CF5F3AF931_aplikasi_surat_menyurat\surat\js\form\app.js
		CRC32 verified
	Inflating C:\Users\USER\Downloads\01CF5F3AF931_aplikasi_surat_menyurat\surat\js\form\app.plugin.js
		CRC32 verified
	Inflating C:\Users\USER\Downloads\01CF5F3AF931_aplikasi_surat_menyurat\surat\js\form\bootstrap.file-input.js
		CRC32 verified
	Unstoring C:\Users\USER\Downloads\01CF5F3AF931_aplikasi_surat_menyurat\surat\js\morris
		CRC32 verified
	Inflating C:\Users\USER\Downloads\01CF5F3AF931_aplikasi_surat_menyurat\surat\js\morris\morris.min.js
		CRC32 verified
	Inflating C:\Users\USER\Downloads\01CF5F3AF931_aplikasi_surat_menyurat\surat\js\morris\raphael-min.js
		CRC32 verified
	Unstoring C:\Users\USER\Downloads\01CF5F3AF931_aplikasi_surat_menyurat\surat\js\notify
		CRC32 verified
	Inflating C:\Users\USER\Downloads\01CF5F3AF931_aplikasi_surat_menyurat\surat\js\notify\jquery-ui.js
		CRC32 verified
	Inflating C:\Users\USER\Downloads\01CF5F3AF931_aplikasi_surat_menyurat\surat\js\notify\jquery.notify.js
		CRC32 verified
	Unstoring C:\Users\USER\Downloads\01CF5F3AF931_aplikasi_surat_menyurat\surat\js\pizza
		CRC32 verified
	Inflating C:\Users\USER\Downloads\01CF5F3AF931_aplikasi_surat_menyurat\surat\js\pizza\pizza.js
		CRC32 verified
	Inflating C:\Users\USER\Downloads\01CF5F3AF931_aplikasi_surat_menyurat\surat\js\pizza\snap.svg.js
		CRC32 verified
	Unstoring C:\Users\USER\Downloads\01CF5F3AF931_aplikasi_surat_menyurat\surat\js\tables
		CRC32 verified
	Inflating C:\Users\USER\Downloads\01CF5F3AF931_aplikasi_surat_menyurat\surat\js\tables\dataTables.bootstrap.js
		CRC32 verified
	Inflating C:\Users\USER\Downloads\01CF5F3AF931_aplikasi_surat_menyurat\surat\js\tables\icheck.min.js
		CRC32 verified
	Inflating C:\Users\USER\Downloads\01CF5F3AF931_aplikasi_surat_menyurat\surat\js\tables\jquery.dataTables.js
		CRC32 verified
	Inflating C:\Users\USER\Downloads\01CF5F3AF931_aplikasi_surat_menyurat\surat\js\tables\jquery.jeditable.js
		CRC32 verified
	Inflating C:\Users\USER\Downloads\01CF5F3AF931_aplikasi_surat_menyurat\surat\js\tables\jquery.peity.min.js
		CRC32 verified
	Inflating C:\Users\USER\Downloads\01CF5F3AF931_aplikasi_surat_menyurat\surat\js\tables\peity-demo.js
		CRC32 verified
	Inflating C:\Users\USER\Downloads\01CF5F3AF931_aplikasi_surat_menyurat\surat\js\bootstrap-modal.js
		CRC32 verified
	Inflating C:\Users\USER\Downloads\01CF5F3AF931_aplikasi_surat_menyurat\surat\js\bootstrap.file-input.js
		CRC32 verified
	Inflating C:\Users\USER\Downloads\01CF5F3AF931_aplikasi_surat_menyurat\surat\js\bootstrap.js
		CRC32 verified
	Inflating C:\Users\USER\Downloads\01CF5F3AF931_aplikasi_surat_menyurat\surat\js\bootstrap_calendar.js
		CRC32 verified
	Inflating C:\Users\USER\Downloads\01CF5F3AF931_aplikasi_surat_menyurat\surat\js\index.js
		CRC32 verified
	Inflating C:\Users\USER\Downloads\01CF5F3AF931_aplikasi_surat_menyurat\surat\js\jquery.min.js
		CRC32 verified
	Inflating C:\Users\USER\Downloads\01CF5F3AF931_aplikasi_surat_menyurat\surat\js\jquery.slimscroll.js
		CRC32 verified
	Inflating C:\Users\USER\Downloads\01CF5F3AF931_aplikasi_surat_menyurat\surat\js\theme.js
		CRC32 verified
	Unstoring C:\Users\USER\Downloads\01CF5F3AF931_aplikasi_surat_menyurat\surat\surat_keluar
		CRC32 verified
	Inflating C:\Users\USER\Downloads\01CF5F3AF931_aplikasi_surat_menyurat\surat\surat_keluar\COVER Penologi.docx
		CRC32 verified
	Unstoring C:\Users\USER\Downloads\01CF5F3AF931_aplikasi_surat_menyurat\surat\surat_laporan
		CRC32 verified
	Unstoring C:\Users\USER\Downloads\01CF5F3AF931_aplikasi_surat_menyurat\surat\surat_masuk
		CRC32 verified
	Inflating C:\Users\USER\Downloads\01CF5F3AF931_aplikasi_surat_menyurat\surat\surat_masuk\5 Materi PHP 3 - Private Training web Development.pdf
		CRC32 verified
	Inflating C:\Users\USER\Downloads\01CF5F3AF931_aplikasi_surat_menyurat\surat\surat_masuk\BAB III Ari Revisi Julius 020615.docx
		CRC32 verified
	Inflating C:\Users\USER\Downloads\01CF5F3AF931_aplikasi_surat_menyurat\surat\surat_masuk\Slip Gaji.docx
		CRC32 verified
	Unstoring C:\Users\USER\Downloads\01CF5F3AF931_aplikasi_surat_menyurat\surat\surat_undangan
		CRC32 verified
	Inflating C:\Users\USER\Downloads\01CF5F3AF931_aplikasi_surat_menyurat\surat\surat_undangan\4 Materi PHP 2 - Private Training web Development.pdf
		CRC32 verified
	Inflating C:\Users\USER\Downloads\01CF5F3AF931_aplikasi_surat_menyurat\surat\.htaccess
		CRC32 verified
	Inflating C:\Users\USER\Downloads\01CF5F3AF931_aplikasi_surat_menyurat\surat\account.php
		CRC32 verified
	Inflating C:\Users\USER\Downloads\01CF5F3AF931_aplikasi_surat_menyurat\surat\binbox-excel.php
		CRC32 verified
	Inflating C:\Users\USER\Downloads\01CF5F3AF931_aplikasi_surat_menyurat\surat\binbox-print-satu.php
		CRC32 verified
	Inflating C:\Users\USER\Downloads\01CF5F3AF931_aplikasi_surat_menyurat\surat\binbox-print.php
		CRC32 verified
	Inflating C:\Users\USER\Downloads\01CF5F3AF931_aplikasi_surat_menyurat\surat\binbox.php
		CRC32 verified
	Inflating C:\Users\USER\Downloads\01CF5F3AF931_aplikasi_surat_menyurat\surat\boutbox-excel.php
		CRC32 verified
	Inflating C:\Users\USER\Downloads\01CF5F3AF931_aplikasi_surat_menyurat\surat\boutbox-print-satu.php
		CRC32 verified
	Inflating C:\Users\USER\Downloads\01CF5F3AF931_aplikasi_surat_menyurat\surat\boutbox-print.php
		CRC32 verified
	Inflating C:\Users\USER\Downloads\01CF5F3AF931_aplikasi_surat_menyurat\surat\boutbox.php
		CRC32 verified
	Inflating C:\Users\USER\Downloads\01CF5F3AF931_aplikasi_surat_menyurat\surat\content.php
		CRC32 verified
	Inflating C:\Users\USER\Downloads\01CF5F3AF931_aplikasi_surat_menyurat\surat\dashboard.php
		CRC32 verified
	Inflating C:\Users\USER\Downloads\01CF5F3AF931_aplikasi_surat_menyurat\surat\download.php
		CRC32 verified
	Inflating C:\Users\USER\Downloads\01CF5F3AF931_aplikasi_surat_menyurat\surat\download_laporan.php
		CRC32 verified
	Inflating C:\Users\USER\Downloads\01CF5F3AF931_aplikasi_surat_menyurat\surat\download_outbox.php
		CRC32 verified
	Inflating C:\Users\USER\Downloads\01CF5F3AF931_aplikasi_surat_menyurat\surat\download_undangan.php
		CRC32 verified
	Inflating C:\Users\USER\Downloads\01CF5F3AF931_aplikasi_surat_menyurat\surat\header.php
		CRC32 verified
	Inflating C:\Users\USER\Downloads\01CF5F3AF931_aplikasi_surat_menyurat\surat\inbox-excel.php
		CRC32 verified
	Inflating C:\Users\USER\Downloads\01CF5F3AF931_aplikasi_surat_menyurat\surat\inbox-print-satu.php
		CRC32 verified
	Inflating C:\Users\USER\Downloads\01CF5F3AF931_aplikasi_surat_menyurat\surat\inbox-print.php
		CRC32 verified
	Inflating C:\Users\USER\Downloads\01CF5F3AF931_aplikasi_surat_menyurat\surat\inbox.php
		CRC32 verified
	Inflating C:\Users\USER\Downloads\01CF5F3AF931_aplikasi_surat_menyurat\surat\index.php
		CRC32 verified
	Inflating C:\Users\USER\Downloads\01CF5F3AF931_aplikasi_surat_menyurat\surat\kendaraan-excel.php
		CRC32 verified
	Inflating C:\Users\USER\Downloads\01CF5F3AF931_aplikasi_surat_menyurat\surat\kendaraan-print-satu.php
		CRC32 verified
	Inflating C:\Users\USER\Downloads\01CF5F3AF931_aplikasi_surat_menyurat\surat\kendaraan-print.php
		CRC32 verified
	Inflating C:\Users\USER\Downloads\01CF5F3AF931_aplikasi_surat_menyurat\surat\kendaraan.php
		CRC32 verified
	Inflating C:\Users\USER\Downloads\01CF5F3AF931_aplikasi_surat_menyurat\surat\koneksi.php
		CRC32 verified
	Inflating C:\Users\USER\Downloads\01CF5F3AF931_aplikasi_surat_menyurat\surat\laporan-excel.php
		CRC32 verified
	Inflating C:\Users\USER\Downloads\01CF5F3AF931_aplikasi_surat_menyurat\surat\laporan-print-satu.php
		CRC32 verified
	Inflating C:\Users\USER\Downloads\01CF5F3AF931_aplikasi_surat_menyurat\surat\laporan-print.php
		CRC32 verified
	Inflating C:\Users\USER\Downloads\01CF5F3AF931_aplikasi_surat_menyurat\surat\laporan.php
		CRC32 verified
	Inflating C:\Users\USER\Downloads\01CF5F3AF931_aplikasi_surat_menyurat\surat\login.php
		CRC32 verified
	Inflating C:\Users\USER\Downloads\01CF5F3AF931_aplikasi_surat_menyurat\surat\logout.php
		CRC32 verified
	Inflating C:\Users\USER\Downloads\01CF5F3AF931_aplikasi_surat_menyurat\surat\menu.php
		CRC32 verified
	Inflating C:\Users\USER\Downloads\01CF5F3AF931_aplikasi_surat_menyurat\surat\outbox-excel.php
		CRC32 verified
	Inflating C:\Users\USER\Downloads\01CF5F3AF931_aplikasi_surat_menyurat\surat\outbox-print-satu.php
		CRC32 verified
	Inflating C:\Users\USER\Downloads\01CF5F3AF931_aplikasi_surat_menyurat\surat\outbox-print.php
		CRC32 verified
	Inflating C:\Users\USER\Downloads\01CF5F3AF931_aplikasi_surat_menyurat\surat\outbox.php
		CRC32 verified
	Inflating C:\Users\USER\Downloads\01CF5F3AF931_aplikasi_surat_menyurat\surat\perihal-excel.php
		CRC32 verified
	Inflating C:\Users\USER\Downloads\01CF5F3AF931_aplikasi_surat_menyurat\surat\perihal-print.php
		CRC32 verified
	Inflating C:\Users\USER\Downloads\01CF5F3AF931_aplikasi_surat_menyurat\surat\perihal.php
		CRC32 verified
	Inflating C:\Users\USER\Downloads\01CF5F3AF931_aplikasi_surat_menyurat\surat\undangan-excel.php
		CRC32 verified
	Inflating C:\Users\USER\Downloads\01CF5F3AF931_aplikasi_surat_menyurat\surat\undangan-print-satu.php
		CRC32 verified
	Inflating C:\Users\USER\Downloads\01CF5F3AF931_aplikasi_surat_menyurat\surat\undangan-print.php
		CRC32 verified
	Inflating C:\Users\USER\Downloads\01CF5F3AF931_aplikasi_surat_menyurat\surat\undangan.php
		CRC32 verified
	Inflating C:\Users\USER\Downloads\01CF5F3AF931_aplikasi_surat_menyurat\surat\user.php
		CRC32 verified
	Inflating C:\Users\USER\Downloads\01CF5F3AF931_aplikasi_surat_menyurat\db_surat.sql
		CRC32 verified
	Extracted 159 file(s)/folder(s)
	Skipped 0 file(s)/folder(s)
	0 errors/warnings
[02/03/2017 12:16:32] Finished.
